<?xml version="1.0" encoding="UTF-8"?>
<!-- Generated by org.testng.reporters.JUnitReportReporter -->
<testsuite skipped="3" hostname="KUSHAL" name="com.nareshit.maven_selenium.homepage.TC001_CustomerRegistration" tests="5" failures="0" timestamp="2023-04-26T19:18:51 IST" time="0.479" errors="1">
  <testcase name="hmsPatientRegistration" time="0.109" classname="com.nareshit.maven_selenium.homepage.TC001_CustomerRegistration">
    <skipped/>
  </testcase> <!-- hmsPatientRegistration -->
  <system-out>
    <![CDATA[Test start running:hmsPatientRegistration
Retrying Test hmsPatientRegistration with status FAIL for the2 times 
Test is skipped:hmsPatientRegistration]]>
  </system-out>
  <testcase name="verifyLogin" time="0.002" classname="com.nareshit.maven_selenium.homepage.TC001_CustomerRegistration"/>
  <system-out>
    <![CDATA[Test start running:verifyLogin
Test is success:verifyLogin
<a href=' D:\Workspaces\Adv_Selenium_6_APR_6PM\maven_selenium\src\main\java\com\nareshit\maven_selenium\passedscreens\verifyLogin_26_04-20232023-07_18_50_.png '><img src=' D:\Workspaces\Adv_Selenium_6_APR_6PM\maven_selenium\src\main\java\com\nareshit\maven_selenium\passedscreens\verifyLogin_26_04-20232023-07_18_50_.png ' height='100' width='100'/></a> ]]>
  </system-out>
  <testcase name="hmsPatientRegistration" time="0.169" classname="com.nareshit.maven_selenium.homepage.TC001_CustomerRegistration">
    <skipped/>
  </testcase> <!-- hmsPatientRegistration -->
  <system-out>
    <![CDATA[Test start running:hmsPatientRegistration
Retrying Test hmsPatientRegistration with status FAIL for the1 times 
Test is skipped:hmsPatientRegistration]]>
  </system-out>
  <testcase name="hmsPatientRegistration" time="0.098" classname="com.nareshit.maven_selenium.homepage.TC001_CustomerRegistration">
    <error type="org.openqa.selenium.NoSuchElementException" message="no such element: Unable to locate element: {&quot;method&quot;:&quot;css selector&quot;,&quot;selector&quot;:&quot;*[name=&#039;submi&#039;]&quot;}
  (Session info: chrome=112.0.5615.138)
For documentation on this error, please visit: https://selenium.dev/exceptions/#no_such_element
Build info: version: &#039;4.8.3&#039;, revision: &#039;e5e76298c3&#039;
System info: os.name: &#039;Windows 10&#039;, os.arch: &#039;amd64&#039;, os.version: &#039;10.0&#039;, java.version: &#039;1.8.0_91&#039;
Driver info: org.openqa.selenium.chrome.ChromeDriver
Command: [dfe4664897a2ff64747076a69ce3b5d2, findElement {using=name, value=submi}]
Capabilities {acceptInsecureCerts: false, browserName: chrome, browserVersion: 112.0.5615.138, chrome: {chromedriverVersion: 112.0.5615.49 (bd2a7bcb881c..., userDataDir: C:\Users\mahesh\AppData\Loc...}, goog:chromeOptions: {debuggerAddress: localhost:53224}, networkConnectionEnabled: false, pageLoadStrategy: normal, platformName: WINDOWS, proxy: Proxy(), se:cdp: ws://localhost:53224/devtoo..., se:cdpVersion: 112.0.5615.138, setWindowRect: true, strictFileInteractability: false, timeouts: {implicit: 0, pageLoad: 300000, script: 30000}, unhandledPromptBehavior: dismiss and notify, webauthn:extension:credBlob: true, webauthn:extension:largeBlob: true, webauthn:extension:minPinLength: true, webauthn:extension:prf: true, webauthn:virtualAuthenticators: true}
Session ID: dfe4664897a2ff64747076a69ce3b5d2">
      <![CDATA[org.openqa.selenium.NoSuchElementException: no such element: Unable to locate element: {"method":"css selector","selector":"*[name='submi']"}
  (Session info: chrome=112.0.5615.138)
For documentation on this error, please visit: https://selenium.dev/exceptions/#no_such_element
Build info: version: '4.8.3', revision: 'e5e76298c3'
System info: os.name: 'Windows 10', os.arch: 'amd64', os.version: '10.0', java.version: '1.8.0_91'
Driver info: org.openqa.selenium.chrome.ChromeDriver
Command: [dfe4664897a2ff64747076a69ce3b5d2, findElement {using=name, value=submi}]
Capabilities {acceptInsecureCerts: false, browserName: chrome, browserVersion: 112.0.5615.138, chrome: {chromedriverVersion: 112.0.5615.49 (bd2a7bcb881c..., userDataDir: C:\Users\mahesh\AppData\Loc...}, goog:chromeOptions: {debuggerAddress: localhost:53224}, networkConnectionEnabled: false, pageLoadStrategy: normal, platformName: WINDOWS, proxy: Proxy(), se:cdp: ws://localhost:53224/devtoo..., se:cdpVersion: 112.0.5615.138, setWindowRect: true, strictFileInteractability: false, timeouts: {implicit: 0, pageLoad: 300000, script: 30000}, unhandledPromptBehavior: dismiss and notify, webauthn:extension:credBlob: true, webauthn:extension:largeBlob: true, webauthn:extension:minPinLength: true, webauthn:extension:prf: true, webauthn:virtualAuthenticators: true}
Session ID: dfe4664897a2ff64747076a69ce3b5d2
at sun.reflect.NativeConstructorAccessorImpl.newInstance0(Native Method)
at sun.reflect.NativeConstructorAccessorImpl.newInstance(NativeConstructorAccessorImpl.java:62)
at sun.reflect.DelegatingConstructorAccessorImpl.newInstance(DelegatingConstructorAccessorImpl.java:45)
at java.lang.reflect.Constructor.newInstance(Constructor.java:423)
at org.openqa.selenium.remote.codec.w3c.W3CHttpResponseCodec.createException(W3CHttpResponseCodec.java:200)
at org.openqa.selenium.remote.codec.w3c.W3CHttpResponseCodec.decode(W3CHttpResponseCodec.java:133)
at org.openqa.selenium.remote.codec.w3c.W3CHttpResponseCodec.decode(W3CHttpResponseCodec.java:53)
at org.openqa.selenium.remote.HttpCommandExecutor.execute(HttpCommandExecutor.java:193)
at org.openqa.selenium.remote.service.DriverCommandExecutor.invokeExecute(DriverCommandExecutor.java:183)
at org.openqa.selenium.remote.service.DriverCommandExecutor.execute(DriverCommandExecutor.java:158)
at org.openqa.selenium.remote.RemoteWebDriver.execute(RemoteWebDriver.java:543)
at org.openqa.selenium.remote.ElementLocation$ElementFinder$2.findElement(ElementLocation.java:162)
at org.openqa.selenium.remote.ElementLocation.findElement(ElementLocation.java:60)
at org.openqa.selenium.remote.RemoteWebDriver.findElement(RemoteWebDriver.java:352)
at org.openqa.selenium.remote.RemoteWebDriver.findElement(RemoteWebDriver.java:344)
at org.openqa.selenium.support.pagefactory.DefaultElementLocator.findElement(DefaultElementLocator.java:70)
at org.openqa.selenium.support.pagefactory.internal.LocatingElementHandler.invoke(LocatingElementHandler.java:39)
at com.sun.proxy.$Proxy16.click(Unknown Source)
at com.nareshit.maven_selenium.pageUI.Registration.login(Registration.java:48)
at com.nareshit.maven_selenium.homepage.TC001_CustomerRegistration.hmsPatientRegistration(TC001_CustomerRegistration.java:20)
at sun.reflect.NativeMethodAccessorImpl.invoke0(Native Method)
at sun.reflect.NativeMethodAccessorImpl.invoke(NativeMethodAccessorImpl.java:62)
at sun.reflect.DelegatingMethodAccessorImpl.invoke(DelegatingMethodAccessorImpl.java:43)
at java.lang.reflect.Method.invoke(Method.java:498)
at org.testng.internal.MethodInvocationHelper.invokeMethod(MethodInvocationHelper.java:133)
at org.testng.internal.TestInvoker.invokeMethod(TestInvoker.java:598)
at org.testng.internal.TestInvoker.retryFailed(TestInvoker.java:213)
at org.testng.internal.MethodRunner.runInSequence(MethodRunner.java:58)
at org.testng.internal.TestInvoker$MethodInvocationAgent.invoke(TestInvoker.java:824)
at org.testng.internal.TestInvoker.invokeTestMethods(TestInvoker.java:146)
at org.testng.internal.TestMethodWorker.invokeTestMethods(TestMethodWorker.java:146)
at org.testng.internal.TestMethodWorker.run(TestMethodWorker.java:128)
at java.util.ArrayList.forEach(ArrayList.java:1249)
at org.testng.TestRunner.privateRun(TestRunner.java:794)
at org.testng.TestRunner.run(TestRunner.java:596)
at org.testng.SuiteRunner.runTest(SuiteRunner.java:377)
at org.testng.SuiteRunner.runSequentially(SuiteRunner.java:371)
at org.testng.SuiteRunner.privateRun(SuiteRunner.java:332)
at org.testng.SuiteRunner.run(SuiteRunner.java:276)
at org.testng.SuiteRunnerWorker.runSuite(SuiteRunnerWorker.java:53)
at org.testng.SuiteRunnerWorker.run(SuiteRunnerWorker.java:96)
at org.testng.TestNG.runSuitesSequentially(TestNG.java:1212)
at org.testng.TestNG.runSuitesLocally(TestNG.java:1134)
at org.testng.TestNG.runSuites(TestNG.java:1063)
at org.testng.TestNG.run(TestNG.java:1031)
at org.testng.remote.AbstractRemoteTestNG.run(AbstractRemoteTestNG.java:115)
at org.testng.remote.RemoteTestNG.initAndRun(RemoteTestNG.java:251)
at org.testng.remote.RemoteTestNG.main(RemoteTestNG.java:77)
]]>
    </error>
  </testcase> <!-- hmsPatientRegistration -->
  <system-out>
    <![CDATA[Test start running:hmsPatientRegistration
Test is failed:hmsPatientRegistration
<a href=' D:\Workspaces\Adv_Selenium_6_APR_6PM\maven_selenium\src\main\java\com\nareshit\maven_selenium\failedscreens\hmsPatientRegistration_26_04-20232023-07_18_50_.png '><img src=' D:\Workspaces\Adv_Selenium_6_APR_6PM\maven_selenium\src\main\java\com\nareshit\maven_selenium\failedscreens\hmsPatientRegistration_26_04-20232023-07_18_50_.png ' height='100' width='100'/></a> ]]>
  </system-out>
  <testcase name="hmsPatientRegistration" time="0.101" classname="com.nareshit.maven_selenium.homepage.TC001_CustomerRegistration">
    <skipped/>
  </testcase> <!-- hmsPatientRegistration -->
  <system-out>
    <![CDATA[Test start running:hmsPatientRegistration
Retrying Test hmsPatientRegistration with status FAIL for the3 times 
Test is skipped:hmsPatientRegistration]]>
  </system-out>
</testsuite> <!-- com.nareshit.maven_selenium.homepage.TC001_CustomerRegistration -->
